<?xml version="1.0" encoding="UTF-8"?>
<!-- Generated by org.testng.reporters.JUnitReportReporter -->
<testsuite hostname="Alinas-MacBook-Air.local" failures="0" tests="3" name="TestCases.CreateCustomerTest" time="3.689" errors="0" timestamp="2021-02-25T20:28:02 CST" skipped="0">
  <testcase classname="TestCases.CreateCustomerTest" name="validateCreateCustomerAPIWithValidSecretKey" time="2.285"/>
  <system-out/>
  <testcase classname="TestCases.CreateCustomerTest" name="validateCreateCustomerAPIWithValidSecretKey" time="0.692"/>
  <system-out/>
  <testcase classname="TestCases.CreateCustomerTest" name="validateCreateCustomerAPIWithValidSecretKey" time="0.712"/>
  <system-out/>
</testsuite> <!-- TestCases.CreateCustomerTest -->
